<?xml version="1.0" encoding="utf-8"?><testsuites name="pytest tests"><testsuite name="pytest" errors="0" failures="0" skipped="0" tests="26" time="6.318" timestamp="2026-06-18T09:18:15.711600+00:00" hostname="agent-env-3c37143f-0427-49fd-ac10-041a048e3aa2"><testcase classname="test_goodgame_p2.TestProfile" name="test_patch_profile_display_name_and_bio" time="0.692" /><testcase classname="test_goodgame_p2.TestProfile" name="test_patch_profile_empty_dn_400" time="0.047" /><testcase classname="test_goodgame_p2.TestProfile" name="test_patch_profile_requires_auth" time="0.103" /><testcase classname="test_goodgame_p2.TestAvatarBanner" name="test_avatar_upload_png_ok_and_served" time="0.564" /><testcase classname="test_goodgame_p2.TestAvatarBanner" name="test_avatar_rejects_text" time="0.050" /><testcase classname="test_goodgame_p2.TestAvatarBanner" name="test_avatar_rejects_oversize" time="0.242" /><testcase classname="test_goodgame_p2.TestAvatarBanner" name="test_banner_upload_ok" time="0.292" /><testcase classname="test_goodgame_p2.TestAvatarBanner" name="test_banner_rejects_oversize" time="0.225" /><testcase classname="test_goodgame_p2.TestFollow" name="test_follow_self_400" time="0.049" /><testcase classname="test_goodgame_p2.TestFollow" name="test_follow_nonexistent_404" time="0.047" /><testcase classname="test_goodgame_p2.TestFollow" name="test_follow_unfollow_flow" time="0.868" /><testcase classname="test_goodgame_p2.TestFollow" name="test_follow_requires_auth" time="0.095" /><testcase classname="test_goodgame_p2.TestDiscover" name="test_search_neon" time="0.122" /><testcase classname="test_goodgame_p2.TestDiscover" name="test_search_empty_q" time="0.139" /><testcase classname="test_goodgame_p2.TestDiscover" name="test_tag_retro" time="0.092" /><testcase classname="test_goodgame_p2.TestDiscover" name="test_popular_tags" time="0.096" /><testcase classname="test_goodgame_p2.TestDiscover" name="test_sitemap_xml" time="0.107" /><testcase classname="test_goodgame_p2.TestCommunityModeration" name="test_members_listing" time="0.656" /><testcase classname="test_goodgame_p2.TestCommunityModeration" name="test_role_promote_only_owner" time="0.558" /><testcase classname="test_goodgame_p2.TestCommunityModeration" name="test_mute_unmute" time="0.233" /><testcase classname="test_goodgame_p2.TestCommunityModeration" name="test_ban_unban" time="0.186" /><testcase classname="test_goodgame_p2.TestCommunityModeration" name="test_owner_cannot_be_modified" time="0.219" /><testcase classname="test_goodgame_p2.TestCommunityModeration" name="test_remove_member" time="0.095" /><testcase classname="test_goodgame_p2.TestReportsQueue" name="test_queue_visible_to_mod" time="0.320" /><testcase classname="test_goodgame_p2.TestReportsQueue" name="test_queue_403_for_nonmod" time="0.047" /><testcase classname="test_goodgame_p2.TestReportsQueue" name="test_resolve_dismiss" time="0.098" /></testsuite></testsuites>