<?xml version="1.0" encoding="utf-8"?><testsuites name="pytest tests"><testsuite name="pytest" errors="0" failures="0" skipped="1" tests="35" time="10.441" timestamp="2026-06-18T08:58:02.671961+00:00" hostname="agent-env-3c37143f-0427-49fd-ac10-041a048e3aa2"><testcase classname="backend.tests.test_goodgame_backend.TestPublic" name="test_version" time="1.048" /><testcase classname="backend.tests.test_goodgame_backend.TestPublic" name="test_public_pages_no_redirect_to_login[/]" time="0.097" /><testcase classname="backend.tests.test_goodgame_backend.TestPublic" name="test_public_pages_no_redirect_to_login[/games]" time="0.104" /><testcase classname="backend.tests.test_goodgame_backend.TestPublic" name="test_public_pages_no_redirect_to_login[/games/browser]" time="0.102" /><testcase classname="backend.tests.test_goodgame_backend.TestPublic" name="test_public_pages_no_redirect_to_login[/clips]" time="0.097" /><testcase classname="backend.tests.test_goodgame_backend.TestPublic" name="test_public_pages_no_redirect_to_login[/communities]" time="0.093" /><testcase classname="backend.tests.test_goodgame_backend.TestPublic" name="test_public_pages_no_redirect_to_login[/legal/terms]" time="0.103" /><testcase classname="backend.tests.test_goodgame_backend.TestPublic" name="test_public_pages_no_redirect_to_login[/legal/privacy]" time="0.120" /><testcase classname="backend.tests.test_goodgame_backend.TestPublic" name="test_public_pages_no_redirect_to_login[/legal/dmca]" time="0.091" /><testcase classname="backend.tests.test_goodgame_backend.TestPublic" name="test_public_pages_no_redirect_to_login[/legal/content]" time="0.111" /><testcase classname="backend.tests.test_goodgame_backend.TestAuth" name="test_onboarding_success_sets_cookie" time="0.427" /><testcase classname="backend.tests.test_goodgame_backend.TestAuth" name="test_onboarding_reserved" time="0.098" /><testcase classname="backend.tests.test_goodgame_backend.TestAuth" name="test_onboarding_reserved_more" time="0.305" /><testcase classname="backend.tests.test_goodgame_backend.TestAuth" name="test_onboarding_duplicate" time="0.542" /><testcase classname="backend.tests.test_goodgame_backend.TestAuth" name="test_login_success_and_wrong_password" time="0.938" /><testcase classname="backend.tests.test_goodgame_backend.TestAuth" name="test_session_logged_in_and_out" time="0.142" /><testcase classname="backend.tests.test_goodgame_backend.TestAuth" name="test_logout" time="0.427" /><testcase classname="backend.tests.test_goodgame_backend.TestGames" name="test_create_game_appears_in_listing" time="0.442" /><testcase classname="backend.tests.test_goodgame_backend.TestGames" name="test_zip_without_index_rejected" time="0.045" /><testcase classname="backend.tests.test_goodgame_backend.TestGames" name="test_zip_with_path_traversal_rejected" time="0.046" /><testcase classname="backend.tests.test_goodgame_backend.TestGames" name="test_ugc_top_level_redirects" time="0.192" /><testcase classname="backend.tests.test_goodgame_backend.TestGames" name="test_ugc_iframe_serves_html_with_base_href" time="0.303" /><testcase classname="backend.tests.test_goodgame_backend.TestGames" name="test_thumbnail_upload_owner" time="0.274" /><testcase classname="backend.tests.test_goodgame_backend.TestGames" name="test_thumbnail_bad_type" time="0.046" /><testcase classname="backend.tests.test_goodgame_backend.TestGames" name="test_thumbnail_too_large" time="0.349" /><testcase classname="backend.tests.test_goodgame_backend.TestGames" name="test_non_owner_cannot_modify" time="0.140" /><testcase classname="backend.tests.test_goodgame_backend.TestGames" name="test_owner_update_build_creates_release" time="0.351" /><testcase classname="backend.tests.test_goodgame_backend.TestGames" name="test_owner_patch_creates_release" time="0.242" /><testcase classname="backend.tests.test_goodgame_backend.TestCreators" name="test_creator_profile" time="0.096" /><testcase classname="backend.tests.test_goodgame_backend.TestClips" name="test_upload_and_list" time="0.364" /><testcase classname="backend.tests.test_goodgame_backend.TestClips" name="test_clip_unsupported_type" time="0.045" /><testcase classname="backend.tests.test_goodgame_backend.TestClips" name="test_clip_too_large" time="2.038" /><testcase classname="backend.tests.test_goodgame_backend.TestCommunities" name="test_full_community_flow" time="0.427"><skipped type="pytest.skip" message="rate-limited onboarding for third user">/app/backend/tests/test_goodgame_backend.py:385: rate-limited onboarding for third user</skipped></testcase><testcase classname="backend.tests.test_goodgame_backend.TestReports" name="test_create_report" time="0.048" /><testcase classname="backend.tests.test_goodgame_backend.TestReports" name="test_invalid_target_type" time="0.045" /></testsuite></testsuites>